# JRE version: OpenJDK Runtime Environment (8.0_302-b08) (build 1.8.0_302-b08)
# Java VM: OpenJDK 64-Bit Server VM (25.302-b08 mixed mode windows-amd64 compressed oops)
Heap:
 PSYoungGen      total 88064K, used 34400K [0x00000000f5580000, 0x00000000fd900000, 0x0000000100000000)
  eden space 68096K, 50% used [0x00000000f5580000,0x00000000f77182d8,0x00000000f9800000)
  from space 19968K, 0% used [0x00000000f9800000,0x00000000f9800000,0x00000000fab80000)
  to   space 22016K, 0% used [0x00000000fc380000,0x00000000fc380000,0x00000000fd900000)
 ParOldGen       total 175104K, used 35637K [0x00000000e0000000, 0x00000000eab00000, 0x00000000f5580000)
  object space 175104K, 20% used [0x00000000e0000000,0x00000000e22cd7b0,0x00000000eab00000)
 Metaspace       used 58385K, capacity 60986K, committed 61312K, reserved 1101824K
  class space    used 8185K, capacity 8778K, committed 8832K, reserved 1048576K
GC Heap History (10 events):
Event: 85.268 GC heap before
{Heap before GC invocations=12 (full 2):
 PSYoungGen      total 82432K, used 82032K [0x00000000f5580000, 0x00000000fb680000, 0x0000000100000000)
  eden space 74752K, 100% used [0x00000000f5580000,0x00000000f9e80000,0x00000000f9e80000)
  from space 7680K, 94% used [0x00000000fa080000,0x00000000fa79c010,0x00000000fa800000)
  to   space 12288K, 0% used [0x00000000faa80000,0x00000000faa80000,0x00000000fb680000)
 ParOldGen       total 175104K, used 16010K [0x00000000e0000000, 0x00000000eab00000, 0x00000000f5580000)
  object space 175104K, 9% used [0x00000000e0000000,0x00000000e0fa2a70,0x00000000eab00000)
 Metaspace       used 48488K, capacity 50718K, committed 51072K, reserved 1093632K
  class space    used 6648K, capacity 7182K, committed 7296K, reserved 1048576K
Event: 85.288 GC heap after
Heap after GC invocations=12 (full 2):
 PSYoungGen      total 85504K, used 12265K [0x00000000f5580000, 0x00000000fb800000, 0x0000000100000000)
  eden space 73216K, 0% used [0x00000000f5580000,0x00000000f5580000,0x00000000f9d00000)
  from space 12288K, 99% used [0x00000000faa80000,0x00000000fb67a550,0x00000000fb680000)
  to   space 13824K, 0% used [0x00000000f9d00000,0x00000000f9d00000,0x00000000faa80000)
 ParOldGen       total 175104K, used 18027K [0x00000000e0000000, 0x00000000eab00000, 0x00000000f5580000)
  object space 175104K, 10% used [0x00000000e0000000,0x00000000e119ae58,0x00000000eab00000)
 Metaspace       used 48488K, capacity 50718K, committed 51072K, reserved 1093632K
  class space    used 6648K, capacity 7182K, committed 7296K, reserved 1048576K
}
Event: 88.431 GC heap before
{Heap before GC invocations=13 (full 2):
 PSYoungGen      total 85504K, used 85481K [0x00000000f5580000, 0x00000000fb800000, 0x0000000100000000)
  eden space 73216K, 100% used [0x00000000f5580000,0x00000000f9d00000,0x00000000f9d00000)
  from space 12288K, 99% used [0x00000000faa80000,0x00000000fb67a550,0x00000000fb680000)
  to   space 13824K, 0% used [0x00000000f9d00000,0x00000000f9d00000,0x00000000faa80000)
 ParOldGen       total 175104K, used 18027K [0x00000000e0000000, 0x00000000eab00000, 0x00000000f5580000)
  object space 175104K, 10% used [0x00000000e0000000,0x00000000e119ae58,0x00000000eab00000)
 Metaspace       used 52059K, capacity 54426K, committed 54656K, reserved 1095680K
  class space    used 7141K, capacity 7712K, committed 7808K, reserved 1048576K
Event: 88.463 GC heap after
Heap after GC invocations=13 (full 2):
 PSYoungGen      total 85504K, used 13820K [0x00000000f5580000, 0x00000000fbb80000, 0x0000000100000000)
  eden space 71680K, 0% used [0x00000000f5580000,0x00000000f5580000,0x00000000f9b80000)
  from space 13824K, 99% used [0x00000000f9d00000,0x00000000faa7f268,0x00000000faa80000)
  to   space 16384K, 0% used [0x00000000fab80000,0x00000000fab80000,0x00000000fbb80000)
 ParOldGen       total 175104K, used 20623K [0x00000000e0000000, 0x00000000eab00000, 0x00000000f5580000)
  object space 175104K, 11% used [0x00000000e0000000,0x00000000e1423f58,0x00000000eab00000)
 Metaspace       used 52059K, capacity 54426K, committed 54656K, reserved 1095680K
  class space    used 7141K, capacity 7712K, committed 7808K, reserved 1048576K
}
Event: 97.237 GC heap before
{Heap before GC invocations=14 (full 2):
 PSYoungGen      total 85504K, used 85500K [0x00000000f5580000, 0x00000000fbb80000, 0x0000000100000000)
  eden space 71680K, 100% used [0x00000000f5580000,0x00000000f9b80000,0x00000000f9b80000)
  from space 13824K, 99% used [0x00000000f9d00000,0x00000000faa7f268,0x00000000faa80000)
  to   space 16384K, 0% used [0x00000000fab80000,0x00000000fab80000,0x00000000fbb80000)
 ParOldGen       total 175104K, used 20623K [0x00000000e0000000, 0x00000000eab00000, 0x00000000f5580000)
  object space 175104K, 11% used [0x00000000e0000000,0x00000000e1423f58,0x00000000eab00000)
 Metaspace       used 55055K, capacity 57592K, committed 57856K, reserved 1099776K
  class space    used 7561K, capacity 8131K, committed 8192K, reserved 1048576K
Event: 97.266 GC heap after
Heap after GC invocations=14 (full 2):
 PSYoungGen      total 84480K, used 16380K [0x00000000f5580000, 0x00000000fc100000, 0x0000000100000000)
  eden space 68096K, 0% used [0x00000000f5580000,0x00000000f5580000,0x00000000f9800000)
  from space 16384K, 99% used [0x00000000fab80000,0x00000000fbb7f248,0x00000000fbb80000)
  to   space 19968K, 0% used [0x00000000f9800000,0x00000000f9800000,0x00000000fab80000)
 ParOldGen       total 175104K, used 25525K [0x00000000e0000000, 0x00000000eab00000, 0x00000000f5580000)
  object space 175104K, 14% used [0x00000000e0000000,0x00000000e18ed408,0x00000000eab00000)
 Metaspace       used 55055K, capacity 57592K, committed 57856K, reserved 1099776K
  class space    used 7561K, capacity 8131K, committed 8192K, reserved 1048576K
}
Event: 98.968 GC heap before
{Heap before GC invocations=15 (full 2):
 PSYoungGen      total 84480K, used 31802K [0x00000000f5580000, 0x00000000fc100000, 0x0000000100000000)
  eden space 68096K, 22% used [0x00000000f5580000,0x00000000f648f860,0x00000000f9800000)
  from space 16384K, 99% used [0x00000000fab80000,0x00000000fbb7f248,0x00000000fbb80000)
  to   space 19968K, 0% used [0x00000000f9800000,0x00000000f9800000,0x00000000fab80000)
 ParOldGen       total 175104K, used 25525K [0x00000000e0000000, 0x00000000eab00000, 0x00000000f5580000)
  object space 175104K, 14% used [0x00000000e0000000,0x00000000e18ed408,0x00000000eab00000)
 Metaspace       used 56519K, capacity 59044K, committed 59136K, reserved 1099776K
  class space    used 7851K, capacity 8423K, committed 8448K, reserved 1048576K
Event: 98.989 GC heap after
Heap after GC invocations=15 (full 2):
 PSYoungGen      total 88064K, used 18620K [0x00000000f5580000, 0x00000000fd900000, 0x0000000100000000)
  eden space 68096K, 0% used [0x00000000f5580000,0x00000000f5580000,0x00000000f9800000)
  from space 19968K, 93% used [0x00000000f9800000,0x00000000faa2f3d8,0x00000000fab80000)
  to   space 22016K, 0% used [0x00000000fc380000,0x00000000fc380000,0x00000000fd900000)
 ParOldGen       total 175104K, used 25533K [0x00000000e0000000, 0x00000000eab00000, 0x00000000f5580000)
  object space 175104K, 14% used [0x00000000e0000000,0x00000000e18ef408,0x00000000eab00000)
 Metaspace       used 56519K, capacity 59044K, committed 59136K, reserved 1099776K
  class space    used 7851K, capacity 8423K, committed 8448K, reserved 1048576K
}
Event: 98.989 GC heap before
{Heap before GC invocations=16 (full 3):
 PSYoungGen      total 88064K, used 18620K [0x00000000f5580000, 0x00000000fd900000, 0x0000000100000000)
  eden space 68096K, 0% used [0x00000000f5580000,0x00000000f5580000,0x00000000f9800000)
  from space 19968K, 93% used [0x00000000f9800000,0x00000000faa2f3d8,0x00000000fab80000)
  to   space 22016K, 0% used [0x00000000fc380000,0x00000000fc380000,0x00000000fd900000)
 ParOldGen       total 175104K, used 25533K [0x00000000e0000000, 0x00000000eab00000, 0x00000000f5580000)
  object space 175104K, 14% used [0x00000000e0000000,0x00000000e18ef408,0x00000000eab00000)
 Metaspace       used 56519K, capacity 59044K, committed 59136K, reserved 1099776K
  class space    used 7851K, capacity 8423K, committed 8448K, reserved 1048576K
Event: 99.261 GC heap after
Heap after GC invocations=16 (full 3):
 PSYoungGen      total 88064K, used 0K [0x00000000f5580000, 0x00000000fd900000, 0x0000000100000000)
  eden space 68096K, 0% used [0x00000000f5580000,0x00000000f5580000,0x00000000f9800000)
  from space 19968K, 0% used [0x00000000f9800000,0x00000000f9800000,0x00000000fab80000)
  to   space 22016K, 0% used [0x00000000fc380000,0x00000000fc380000,0x00000000fd900000)
 ParOldGen       total 175104K, used 35637K [0x00000000e0000000, 0x00000000eab00000, 0x00000000f5580000)
  object space 175104K, 20% used [0x00000000e0000000,0x00000000e22cd7b0,0x00000000eab00000)
 Metaspace       used 56491K, capacity 58948K, committed 59136K, reserved 1099776K
  class space    used 7842K, capacity 8407K, committed 8448K, reserved 1048576K
}

